1764923586657|0|statement|connection 18|url jdbc:h2:mem:5f529167-a7c2-4c6d-86c1-bd5868a56489|     drop table if exists club_joins cascade |     drop table if exists club_joins cascade 
1764923586658|0|statement|connection 18|url jdbc:h2:mem:5f529167-a7c2-4c6d-86c1-bd5868a56489|     drop table if exists club_tags cascade |     drop table if exists club_tags cascade 
1764923586659|0|statement|connection 18|url jdbc:h2:mem:5f529167-a7c2-4c6d-86c1-bd5868a56489|     drop table if exists clubs cascade |     drop table if exists clubs cascade 
1764923586660|0|statement|connection 18|url jdbc:h2:mem:5f529167-a7c2-4c6d-86c1-bd5868a56489|     drop table if exists event_images cascade |     drop table if exists event_images cascade 
1764923586660|0|statement|connection 18|url jdbc:h2:mem:5f529167-a7c2-4c6d-86c1-bd5868a56489|     drop table if exists event_joins cascade |     drop table if exists event_joins cascade 
1764923586661|0|statement|connection 18|url jdbc:h2:mem:5f529167-a7c2-4c6d-86c1-bd5868a56489|     drop table if exists event_likes cascade |     drop table if exists event_likes cascade 
1764923586661|0|statement|connection 18|url jdbc:h2:mem:5f529167-a7c2-4c6d-86c1-bd5868a56489|     drop table if exists event_tags cascade |     drop table if exists event_tags cascade 
1764923586661|0|statement|connection 18|url jdbc:h2:mem:5f529167-a7c2-4c6d-86c1-bd5868a56489|     drop table if exists events cascade |     drop table if exists events cascade 
1764923586662|0|statement|connection 18|url jdbc:h2:mem:5f529167-a7c2-4c6d-86c1-bd5868a56489|     drop table if exists post_images cascade |     drop table if exists post_images cascade 
1764923586662|0|statement|connection 18|url jdbc:h2:mem:5f529167-a7c2-4c6d-86c1-bd5868a56489|     drop table if exists post_likes cascade |     drop table if exists post_likes cascade 
1764923586662|0|statement|connection 18|url jdbc:h2:mem:5f529167-a7c2-4c6d-86c1-bd5868a56489|     drop table if exists post_tags cascade |     drop table if exists post_tags cascade 
1764923586662|0|statement|connection 18|url jdbc:h2:mem:5f529167-a7c2-4c6d-86c1-bd5868a56489|     drop table if exists posts cascade |     drop table if exists posts cascade 
1764923586663|0|statement|connection 18|url jdbc:h2:mem:5f529167-a7c2-4c6d-86c1-bd5868a56489|     drop table if exists users cascade |     drop table if exists users cascade 
1764924534519|0|statement|connection 18|url jdbc:h2:mem:32c934b8-afc9-4399-8550-74ee4df75c40|     drop table if exists club_joins cascade |     drop table if exists club_joins cascade 
1764924534520|0|statement|connection 18|url jdbc:h2:mem:32c934b8-afc9-4399-8550-74ee4df75c40|     drop table if exists club_tags cascade |     drop table if exists club_tags cascade 
1764924534521|0|statement|connection 18|url jdbc:h2:mem:32c934b8-afc9-4399-8550-74ee4df75c40|     drop table if exists clubs cascade |     drop table if exists clubs cascade 
1764924534521|0|statement|connection 18|url jdbc:h2:mem:32c934b8-afc9-4399-8550-74ee4df75c40|     drop table if exists event_images cascade |     drop table if exists event_images cascade 
1764924534521|0|statement|connection 18|url jdbc:h2:mem:32c934b8-afc9-4399-8550-74ee4df75c40|     drop table if exists event_joins cascade |     drop table if exists event_joins cascade 
1764924534522|0|statement|connection 18|url jdbc:h2:mem:32c934b8-afc9-4399-8550-74ee4df75c40|     drop table if exists event_likes cascade |     drop table if exists event_likes cascade 
1764924534522|0|statement|connection 18|url jdbc:h2:mem:32c934b8-afc9-4399-8550-74ee4df75c40|     drop table if exists event_tags cascade |     drop table if exists event_tags cascade 
1764924534522|0|statement|connection 18|url jdbc:h2:mem:32c934b8-afc9-4399-8550-74ee4df75c40|     drop table if exists events cascade |     drop table if exists events cascade 
1764924534522|0|statement|connection 18|url jdbc:h2:mem:32c934b8-afc9-4399-8550-74ee4df75c40|     drop table if exists post_images cascade |     drop table if exists post_images cascade 
1764924534523|0|statement|connection 18|url jdbc:h2:mem:32c934b8-afc9-4399-8550-74ee4df75c40|     drop table if exists post_likes cascade |     drop table if exists post_likes cascade 
1764924534523|0|statement|connection 18|url jdbc:h2:mem:32c934b8-afc9-4399-8550-74ee4df75c40|     drop table if exists post_tags cascade |     drop table if exists post_tags cascade 
1764924534523|0|statement|connection 18|url jdbc:h2:mem:32c934b8-afc9-4399-8550-74ee4df75c40|     drop table if exists posts cascade |     drop table if exists posts cascade 
1764924534523|0|statement|connection 18|url jdbc:h2:mem:32c934b8-afc9-4399-8550-74ee4df75c40|     drop table if exists users cascade |     drop table if exists users cascade 
